Arguments: 
  /home/cgji58/.nvm/versions/node/v12.18.2/bin/node /mnt/c/Program Files (x86)/Yarn/bin/yarn.js install

PATH: 
  /home/cgji58/.vscode-server/bin/dfd34e8260c270da74b5c2d86d61aee4b6d56977/bin/remote-cli:/home/cgji58/.nvm/versions/node/v12.18.2/bin:/usr/local/sbin:/usr/local/bin:/usr/sbin:/usr/bin:/sbin:/bin:/usr/games:/usr/local/games:/usr/lib/wsl/lib:/mnt/c/Program Files (x86)/NetSarang/Xshell 6/:/mnt/c/Program Files (x86)/Intel/Intel(R) Management Engine Components/iCLS/:/mnt/c/Program Files/Intel/Intel(R) Management Engine Components/iCLS/:/mnt/c/Windows/system32:/mnt/c/Windows:/mnt/c/Windows/System32/Wbem:/mnt/c/Windows/System32/WindowsPowerShell/v1.0/:/mnt/c/Windows/System32/OpenSSH/:/mnt/c/Program Files (x86)/Intel/Intel(R) Management Engine Components/DAL:/mnt/c/Program Files/Intel/Intel(R) Management Engine Components/DAL:/mnt/c/Program Files (x86)/NVIDIA Corporation/PhysX/Common:/mnt/c/Program Files/Intel/WiFi/bin/:/mnt/c/Program Files/Common Files/Intel/WirelessCommon/:/mnt/c/WINDOWS/system32:/mnt/c/WINDOWS:/mnt/c/WINDOWS/System32/Wbem:/mnt/c/WINDOWS/System32/WindowsPowerShell/v1.0/:/mnt/c/WINDOWS/System32/OpenSSH/:/mnt/c/Program Files/MATLAB/R2020a/bin:/mnt/c/Program Files/dotnet/:/mnt/c/Program Files/Git/cmd:/mnt/c/ProgramData/chocolatey/bin:/mnt/c/Program Files/nodejs/:/mnt/c/Program Files (x86)/Yarn/bin/:/mnt/c/Program Files/NVIDIA Corporation/NVIDIA NvDLISR:/mnt/c/Users/dell/AppData/Local/Programs/Python/Python36/Scripts/:/mnt/c/Users/dell/AppData/Local/Programs/Python/Python36/:/mnt/c/Users/dell/AppData/Local/Microsoft/WindowsApps:/mnt/c/Program Files/Bandizip/:/mnt/c/Users/dell/AppData/Local/Programs/Microsoft VS Code/bin:/mnt/c/Users/dell/AppData/Local/atom/bin:/mnt/c/Users/dell/AppData/Local/Microsoft/WindowsApps:/mnt/c/Users/dell/.dotnet/tools:/mnt/c/Users/dell/AppData/Local/GitHubDesktop/bin:/mnt/c/Users/dell/AppData/Roaming/npm:/mnt/c/Users/dell/AppData/Local/Yarn/bin

Yarn version: 
  1.22.15

Node version: 
  12.18.2

Platform: 
  linux x64

Trace: 
  Error: https://registry.npmjs.org/bcrypt: ETIMEDOUT
      at Timeout._onTimeout (/mnt/c/Program Files (x86)/Yarn/lib/cli.js:141545:19)
      at listOnTimeout (internal/timers.js:549:17)
      at processTimers (internal/timers.js:492:7)

npm manifest: 
  {
    "name": "metube",
    "version": "1.0.0",
    "main": "index.js",
    "repository": "https://github.com/CGJI58/metube",
    "author": "CGJI58 <leemsk22@naver.com>",
    "license": "MIT",
    "dependencies": {
      "bcrypt": "^5.0.1",
      "express": "^4.17.3",
      "mongoose": "^6.3.0",
      "morgan": "^1.10.0",
      "pug": "^3.0.2"
    },
    "devDependencies": {
      "@babel/core": "^7.13.10",
      "@babel/node": "^7.13.10",
      "@babel/preset-env": "^7.13.10",
      "nodemon": "^2.0.7"
    }
  }

yarn manifest: 
  No manifest

Lockfile: 
  No lockfile
